eventType,nodeId,sourceId,destinationId,informationalMessage,transmittedMessage,newSimSpeed,nodeX,nodeY,nodeRange,nodeType,currentQuantum,isPromiscuous,isDroppingMessages,isMalicious,isOverridingHops,isChangingMessages,isReplayingMessages,isNotExpiringRoutes,hops
IN_NEW_SIM,,,,,,0,0,0,0,AODV,0,false,false,false,false,false,false,false,0
OUT_NEW_SIM,,,,New AODV Simulation Created.,,0,0,0,0,AODV,0,false,false,false,false,false,false,false,0
IN_ADD_NODE,,,,,,0,1057,34,388,,0,false,false,false,false,false,false,false,0
OUT_ADD_NODE,A,,,Node Added: A.,,0,1057,34,388,,0,false,false,false,false,false,false,false,0
IN_ADD_NODE,,,,,,0,1369,349,176,,0,false,false,false,false,false,false,false,0
OUT_ADD_NODE,B,,,Node Added: B.,,0,1369,349,176,,0,false,false,false,false,false,false,false,0
IN_ADD_NODE,,,,,,0,411,208,326,,0,false,false,false,false,false,false,false,0
OUT_ADD_NODE,C,,,Node Added: C.,,0,411,208,326,,0,false,false,false,false,false,false,false,0
IN_ADD_NODE,,,,,,0,1082,139,376,,0,false,false,false,false,false,false,false,0
OUT_ADD_NODE,D,,,Node Added: D.,,0,1082,139,376,,0,false,false,false,false,false,false,false,0
IN_ADD_NODE,,,,,,0,666,300,442,,0,false,false,false,false,false,false,false,0
OUT_ADD_NODE,E,,,Node Added: E.,,0,666,300,442,,0,false,false,false,false,false,false,false,0
IN_ADD_NODE,,,,,,0,347,320,330,,0,false,false,false,false,false,false,false,0
OUT_ADD_NODE,F,,,Node Added: F.,,0,347,320,330,,0,false,false,false,false,false,false,false,0
IN_MOVE_NODE,C,,,,,0,519,191,0,,0,false,false,false,false,false,false,false,0
OUT_MOVE_NODE,C,,,Node C moved to X:519 Y:191.,,0,519,191,0,,0,false,false,false,false,false,false,false,0
IN_MOVE_NODE,C,,,,,0,519,181,0,,0,false,false,false,false,false,false,false,0
OUT_MOVE_NODE,C,,,Node C moved to X:519 Y:181.,,0,519,181,0,,0,false,false,false,false,false,false,false,0
IN_MOVE_NODE,C,,,,,0,519,171,0,,0,false,false,false,false,false,false,false,0
OUT_MOVE_NODE,C,,,Node C moved to X:519 Y:171.,,0,519,171,0,,0,false,false,false,false,false,false,false,0
IN_MOVE_NODE,C,,,,,0,519,161,0,,0,false,false,false,false,false,false,false,0
OUT_MOVE_NODE,C,,,Node C moved to X:519 Y:161.,,0,519,161,0,,0,false,false,false,false,false,false,false,0
IN_MOVE_NODE,C,,,,,0,519,151,0,,0,false,false,false,false,false,false,false,0
OUT_MOVE_NODE,C,,,Node C moved to X:519 Y:151.,,0,519,151,0,,0,false,false,false,false,false,false,false,0
IN_MOVE_NODE,C,,,,,0,519,141,0,,0,false,false,false,false,false,false,false,0
OUT_MOVE_NODE,C,,,Node C moved to X:519 Y:141.,,0,519,141,0,,0,false,false,false,false,false,false,false,0
IN_MOVE_NODE,C,,,,,0,519,131,0,,0,false,false,false,false,false,false,false,0
OUT_MOVE_NODE,C,,,Node C moved to X:519 Y:131.,,0,519,131,0,,0,false,false,false,false,false,false,false,0
IN_MOVE_NODE,C,,,,,0,519,121,0,,0,false,false,false,false,false,false,false,0
OUT_MOVE_NODE,C,,,Node C moved to X:519 Y:121.,,0,519,121,0,,0,false,false,false,false,false,false,false,0
IN_MOVE_NODE,C,,,,,0,519,131,0,,0,false,false,false,false,false,false,false,0
OUT_MOVE_NODE,C,,,Node C moved to X:519 Y:131.,,0,519,131,0,,0,false,false,false,false,false,false,false,0
IN_MOVE_NODE,C,,,,,0,519,141,0,,0,false,false,false,false,false,false,false,0
OUT_MOVE_NODE,C,,,Node C moved to X:519 Y:141.,,0,519,141,0,,0,false,false,false,false,false,false,false,0
IN_MOVE_NODE,C,,,,,0,519,151,0,,0,false,false,false,false,false,false,false,0
OUT_MOVE_NODE,C,,,Node C moved to X:519 Y:151.,,0,519,151,0,,0,false,false,false,false,false,false,false,0
IN_MOVE_NODE,C,,,,,0,519,161,0,,0,false,false,false,false,false,false,false,0
OUT_MOVE_NODE,C,,,Node C moved to X:519 Y:161.,,0,519,161,0,,0,false,false,false,false,false,false,false,0
IN_MOVE_NODE,C,,,,,0,519,171,0,,0,false,false,false,false,false,false,false,0
OUT_MOVE_NODE,C,,,Node C moved to X:519 Y:171.,,0,519,171,0,,0,false,false,false,false,false,false,false,0
IN_SET_NODE_RANGE,C,,,,,0,0,0,306,,0,false,false,false,false,false,false,false,0
OUT_SET_NODE_RANGE,C,,,Node C's range changed to 306.,,0,0,0,306,,0,false,false,false,false,false,false,false,0
IN_SET_NODE_RANGE,C,,,,,0,0,0,286,,0,false,false,false,false,false,false,false,0
OUT_SET_NODE_RANGE,C,,,Node C's range changed to 286.,,0,0,0,286,,0,false,false,false,false,false,false,false,0
IN_SET_NODE_RANGE,C,,,,,0,0,0,266,,0,false,false,false,false,false,false,false,0
OUT_SET_NODE_RANGE,C,,,Node C's range changed to 266.,,0,0,0,266,,0,false,false,false,false,false,false,false,0
IN_SET_NODE_RANGE,C,,,,,0,0,0,246,,0,false,false,false,false,false,false,false,0
OUT_SET_NODE_RANGE,C,,,Node C's range changed to 246.,,0,0,0,246,,0,false,false,false,false,false,false,false,0
IN_SET_NODE_RANGE,C,,,,,0,0,0,226,,0,false,false,false,false,false,false,false,0
OUT_SET_NODE_RANGE,C,,,Node C's range changed to 226.,,0,0,0,226,,0,false,false,false,false,false,false,false,0
IN_MOVE_NODE,C,,,,,0,330,186,0,,0,false,false,false,false,false,false,false,0
OUT_MOVE_NODE,C,,,Node C moved to X:330 Y:186.,,0,330,186,0,,0,false,false,false,false,false,false,false,0
IN_MOVE_NODE,C,,,,,0,336,218,0,,0,false,false,false,false,false,false,false,0
OUT_MOVE_NODE,C,,,Node C moved to X:336 Y:218.,,0,336,218,0,,0,false,false,false,false,false,false,false,0
IN_MOVE_NODE,C,,,,,0,339,276,0,,0,false,false,false,false,false,false,false,0
OUT_MOVE_NODE,C,,,Node C moved to X:339 Y:276.,,0,339,276,0,,0,false,false,false,false,false,false,false,0
IN_SET_NODE_RANGE,C,,,,,0,0,0,206,,0,false,false,false,false,false,false,false,0
OUT_SET_NODE_RANGE,C,,,Node C's range changed to 206.,,0,0,0,206,,0,false,false,false,false,false,false,false,0
IN_SET_NODE_RANGE,C,,,,,0,0,0,186,,0,false,false,false,false,false,false,false,0
OUT_SET_NODE_RANGE,C,,,Node C's range changed to 186.,,0,0,0,186,,0,false,false,false,false,false,false,false,0
IN_SET_NODE_RANGE,C,,,,,0,0,0,166,,0,false,false,false,false,false,false,false,0
OUT_SET_NODE_RANGE,C,,,Node C's range changed to 166.,,0,0,0,166,,0,false,false,false,false,false,false,false,0
IN_MOVE_NODE,C,,,,,0,378,266,0,,0,false,false,false,false,false,false,false,0
OUT_MOVE_NODE,C,,,Node C moved to X:378 Y:266.,,0,378,266,0,,0,false,false,false,false,false,false,false,0
IN_MOVE_NODE,C,,,,,0,358,258,0,,0,false,false,false,false,false,false,false,0
OUT_MOVE_NODE,C,,,Node C moved to X:358 Y:258.,,0,358,258,0,,0,false,false,false,false,false,false,false,0
IN_SET_NODE_RANGE,C,,,,,0,0,0,146,,0,false,false,false,false,false,false,false,0
OUT_SET_NODE_RANGE,C,,,Node C's range changed to 146.,,0,0,0,146,,0,false,false,false,false,false,false,false,0
IN_MOVE_NODE,C,,,,,0,369,255,0,,0,false,false,false,false,false,false,false,0
OUT_MOVE_NODE,C,,,Node C moved to X:369 Y:255.,,0,369,255,0,,0,false,false,false,false,false,false,false,0
IN_MOVE_NODE,F,,,,,0,862,257,0,,0,false,false,false,false,false,false,false,0
OUT_MOVE_NODE,F,,,Node F moved to X:862 Y:257.,,0,862,257,0,,0,false,false,false,false,false,false,false,0
IN_MOVE_NODE,C,,,,,0,938,174,0,,0,false,false,false,false,false,false,false,0
OUT_MOVE_NODE,C,,,Node C moved to X:938 Y:174.,,0,938,174,0,,0,false,false,false,false,false,false,false,0
IN_MOVE_NODE,A,,,,,0,366,202,0,,0,false,false,false,false,false,false,false,0
OUT_MOVE_NODE,A,,,Node A moved to X:366 Y:202.,,0,366,202,0,,0,false,false,false,false,false,false,false,0
IN_SET_NODE_RANGE,A,,,,,0,0,0,368,,0,false,false,false,false,false,false,false,0
OUT_SET_NODE_RANGE,A,,,Node A's range changed to 368.,,0,0,0,368,,0,false,false,false,false,false,false,false,0
IN_SET_NODE_RANGE,A,,,,,0,0,0,348,,0,false,false,false,false,false,false,false,0
OUT_SET_NODE_RANGE,A,,,Node A's range changed to 348.,,0,0,0,348,,0,false,false,false,false,false,false,false,0
IN_SET_NODE_RANGE,A,,,,,0,0,0,328,,0,false,false,false,false,false,false,false,0
OUT_SET_NODE_RANGE,A,,,Node A's range changed to 328.,,0,0,0,328,,0,false,false,false,false,false,false,false,0
IN_SET_NODE_RANGE,A,,,,,0,0,0,308,,0,false,false,false,false,false,false,false,0
OUT_SET_NODE_RANGE,A,,,Node A's range changed to 308.,,0,0,0,308,,0,false,false,false,false,false,false,false,0
IN_SET_NODE_RANGE,A,,,,,0,0,0,288,,0,false,false,false,false,false,false,false,0
OUT_SET_NODE_RANGE,A,,,Node A's range changed to 288.,,0,0,0,288,,0,false,false,false,false,false,false,false,0
IN_SET_NODE_RANGE,A,,,,,0,0,0,268,,0,false,false,false,false,false,false,false,0
OUT_SET_NODE_RANGE,A,,,Node A's range changed to 268.,,0,0,0,268,,0,false,false,false,false,false,false,false,0
IN_SET_NODE_RANGE,A,,,,,0,0,0,248,,0,false,false,false,false,false,false,false,0
OUT_SET_NODE_RANGE,A,,,Node A's range changed to 248.,,0,0,0,248,,0,false,false,false,false,false,false,false,0
IN_SET_NODE_RANGE,A,,,,,0,0,0,228,,0,false,false,false,false,false,false,false,0
OUT_SET_NODE_RANGE,A,,,Node A's range changed to 228.,,0,0,0,228,,0,false,false,false,false,false,false,false,0
IN_SET_NODE_RANGE,A,,,,,0,0,0,208,,0,false,false,false,false,false,false,false,0
OUT_SET_NODE_RANGE,A,,,Node A's range changed to 208.,,0,0,0,208,,0,false,false,false,false,false,false,false,0
IN_SET_NODE_RANGE,A,,,,,0,0,0,188,,0,false,false,false,false,false,false,false,0
OUT_SET_NODE_RANGE,A,,,Node A's range changed to 188.,,0,0,0,188,,0,false,false,false,false,false,false,false,0
IN_SET_NODE_RANGE,A,,,,,0,0,0,168,,0,false,false,false,false,false,false,false,0
OUT_SET_NODE_RANGE,A,,,Node A's range changed to 168.,,0,0,0,168,,0,false,false,false,false,false,false,false,0
IN_SET_NODE_RANGE,A,,,,,0,0,0,148,,0,false,false,false,false,false,false,false,0
OUT_SET_NODE_RANGE,A,,,Node A's range changed to 148.,,0,0,0,148,,0,false,false,false,false,false,false,false,0
IN_MOVE_NODE,A,,,,,0,365,215,0,,0,false,false,false,false,false,false,false,0
OUT_MOVE_NODE,A,,,Node A moved to X:365 Y:215.,,0,365,215,0,,0,false,false,false,false,false,false,false,0
IN_MOVE_NODE,B,,,,,0,614,219,0,,0,false,false,false,false,false,false,false,0
OUT_MOVE_NODE,B,,,Node B moved to X:614 Y:219.,,0,614,219,0,,0,false,false,false,false,false,false,false,0
IN_MOVE_NODE,B,,,,,0,490,210,0,,0,false,false,false,false,false,false,false,0
OUT_MOVE_NODE,B,,,Node B moved to X:490 Y:210.,,0,490,210,0,,0,false,false,false,false,false,false,false,0
IN_MOVE_NODE,B,,,,,0,489,210,0,,0,false,false,false,false,false,false,false,0
OUT_MOVE_NODE,B,,,Node B moved to X:489 Y:210.,,0,489,210,0,,0,false,false,false,false,false,false,false,0
IN_SET_NODE_RANGE,B,,,,,0,0,0,156,,0,false,false,false,false,false,false,false,0
OUT_SET_NODE_RANGE,B,,,Node B's range changed to 156.,,0,0,0,156,,0,false,false,false,false,false,false,false,0
IN_MOVE_NODE,E,,,,,0,1241,238,0,,0,false,false,false,false,false,false,false,0
OUT_MOVE_NODE,E,,,Node E moved to X:1241 Y:238.,,0,1241,238,0,,0,false,false,false,false,false,false,false,0
IN_MOVE_NODE,C,,,,,0,586,152,0,,0,false,false,false,false,false,false,false,0
OUT_MOVE_NODE,C,,,Node C moved to X:586 Y:152.,,0,586,152,0,,0,false,false,false,false,false,false,false,0
IN_MOVE_NODE,C,,,,,0,578,152,0,,0,false,false,false,false,false,false,false,0
OUT_MOVE_NODE,C,,,Node C moved to X:578 Y:152.,,0,578,152,0,,0,false,false,false,false,false,false,false,0
IN_SET_NODE_RANGE,E,,,,,0,0,0,422,,0,false,false,false,false,false,false,false,0
OUT_SET_NODE_RANGE,E,,,Node E's range changed to 422.,,0,0,0,422,,0,false,false,false,false,false,false,false,0
IN_SET_NODE_RANGE,E,,,,,0,0,0,402,,0,false,false,false,false,false,false,false,0
OUT_SET_NODE_RANGE,E,,,Node E's range changed to 402.,,0,0,0,402,,0,false,false,false,false,false,false,false,0
IN_SET_NODE_RANGE,E,,,,,0,0,0,382,,0,false,false,false,false,false,false,false,0
OUT_SET_NODE_RANGE,E,,,Node E's range changed to 382.,,0,0,0,382,,0,false,false,false,false,false,false,false,0
IN_SET_NODE_RANGE,E,,,,,0,0,0,362,,0,false,false,false,false,false,false,false,0
OUT_SET_NODE_RANGE,E,,,Node E's range changed to 362.,,0,0,0,362,,0,false,false,false,false,false,false,false,0
IN_SET_NODE_RANGE,E,,,,,0,0,0,342,,0,false,false,false,false,false,false,false,0
OUT_SET_NODE_RANGE,E,,,Node E's range changed to 342.,,0,0,0,342,,0,false,false,false,false,false,false,false,0
IN_SET_NODE_RANGE,E,,,,,0,0,0,322,,0,false,false,false,false,false,false,false,0
OUT_SET_NODE_RANGE,E,,,Node E's range changed to 322.,,0,0,0,322,,0,false,false,false,false,false,false,false,0
IN_SET_NODE_RANGE,E,,,,,0,0,0,302,,0,false,false,false,false,false,false,false,0
OUT_SET_NODE_RANGE,E,,,Node E's range changed to 302.,,0,0,0,302,,0,false,false,false,false,false,false,false,0
IN_SET_NODE_RANGE,E,,,,,0,0,0,282,,0,false,false,false,false,false,false,false,0
OUT_SET_NODE_RANGE,E,,,Node E's range changed to 282.,,0,0,0,282,,0,false,false,false,false,false,false,false,0
IN_SET_NODE_RANGE,E,,,,,0,0,0,262,,0,false,false,false,false,false,false,false,0
OUT_SET_NODE_RANGE,E,,,Node E's range changed to 262.,,0,0,0,262,,0,false,false,false,false,false,false,false,0
IN_SET_NODE_RANGE,E,,,,,0,0,0,242,,0,false,false,false,false,false,false,false,0
OUT_SET_NODE_RANGE,E,,,Node E's range changed to 242.,,0,0,0,242,,0,false,false,false,false,false,false,false,0
IN_SET_NODE_RANGE,E,,,,,0,0,0,222,,0,false,false,false,false,false,false,false,0
OUT_SET_NODE_RANGE,E,,,Node E's range changed to 222.,,0,0,0,222,,0,false,false,false,false,false,false,false,0
IN_SET_NODE_RANGE,E,,,,,0,0,0,202,,0,false,false,false,false,false,false,false,0
OUT_SET_NODE_RANGE,E,,,Node E's range changed to 202.,,0,0,0,202,,0,false,false,false,false,false,false,false,0
IN_SET_NODE_RANGE,E,,,,,0,0,0,182,,0,false,false,false,false,false,false,false,0
OUT_SET_NODE_RANGE,E,,,Node E's range changed to 182.,,0,0,0,182,,0,false,false,false,false,false,false,false,0
IN_SET_NODE_RANGE,E,,,,,0,0,0,162,,0,false,false,false,false,false,false,false,0
OUT_SET_NODE_RANGE,E,,,Node E's range changed to 162.,,0,0,0,162,,0,false,false,false,false,false,false,false,0
IN_SET_NODE_RANGE,E,,,,,0,0,0,142,,0,false,false,false,false,false,false,false,0
OUT_SET_NODE_RANGE,E,,,Node E's range changed to 142.,,0,0,0,142,,0,false,false,false,false,false,false,false,0
IN_SET_NODE_RANGE,E,,,,,0,0,0,122,,0,false,false,false,false,false,false,false,0
OUT_SET_NODE_RANGE,E,,,Node E's range changed to 122.,,0,0,0,122,,0,false,false,false,false,false,false,false,0
IN_SET_NODE_RANGE,E,,,,,0,0,0,102,,0,false,false,false,false,false,false,false,0
OUT_SET_NODE_RANGE,E,,,Node E's range changed to 102.,,0,0,0,102,,0,false,false,false,false,false,false,false,0
IN_SET_NODE_RANGE,E,,,,,0,0,0,82,,0,false,false,false,false,false,false,false,0
OUT_SET_NODE_RANGE,E,,,Node E's range changed to 82.,,0,0,0,82,,0,false,false,false,false,false,false,false,0
IN_MOVE_NODE,E,,,,,0,623,273,0,,0,false,false,false,false,false,false,false,0
OUT_MOVE_NODE,E,,,Node E moved to X:623 Y:273.,,0,623,273,0,,0,false,false,false,false,false,false,false,0
IN_MOVE_NODE,E,,,,,0,537,259,0,,0,false,false,false,false,false,false,false,0
OUT_MOVE_NODE,E,,,Node E moved to X:537 Y:259.,,0,537,259,0,,0,false,false,false,false,false,false,false,0
IN_MOVE_NODE,E,,,,,0,535,253,0,,0,false,false,false,false,false,false,false,0
OUT_MOVE_NODE,E,,,Node E moved to X:535 Y:253.,,0,535,253,0,,0,false,false,false,false,false,false,false,0
IN_MOVE_NODE,E,,,,,0,536,249,0,,0,false,false,false,false,false,false,false,0
OUT_MOVE_NODE,E,,,Node E moved to X:536 Y:249.,,0,536,249,0,,0,false,false,false,false,false,false,false,0
IN_SET_NODE_RANGE,E,,,,,0,0,0,102,,0,false,false,false,false,false,false,false,0
OUT_SET_NODE_RANGE,E,,,Node E's range changed to 102.,,0,0,0,102,,0,false,false,false,false,false,false,false,0
IN_MOVE_NODE,E,,,,,0,529,266,0,,0,false,false,false,false,false,false,false,0
OUT_MOVE_NODE,E,,,Node E moved to X:529 Y:266.,,0,529,266,0,,0,false,false,false,false,false,false,false,0
IN_MOVE_NODE,E,,,,,0,534,266,0,,0,false,false,false,false,false,false,false,0
OUT_MOVE_NODE,E,,,Node E moved to X:534 Y:266.,,0,534,266,0,,0,false,false,false,false,false,false,false,0
IN_MOVE_NODE,F,,,,,0,1070,256,0,,0,false,false,false,false,false,false,false,0
OUT_MOVE_NODE,F,,,Node F moved to X:1070 Y:256.,,0,1070,256,0,,0,false,false,false,false,false,false,false,0
IN_MOVE_NODE,F,,,,,0,698,273,0,,0,false,false,false,false,false,false,false,0
OUT_MOVE_NODE,F,,,Node F moved to X:698 Y:273.,,0,698,273,0,,0,false,false,false,false,false,false,false,0
IN_MOVE_NODE,F,,,,,0,598,275,0,,0,false,false,false,false,false,false,false,0
OUT_MOVE_NODE,F,,,Node F moved to X:598 Y:275.,,0,598,275,0,,0,false,false,false,false,false,false,false,0
IN_SET_NODE_RANGE,F,,,,,0,0,0,310,,0,false,false,false,false,false,false,false,0
OUT_SET_NODE_RANGE,F,,,Node F's range changed to 310.,,0,0,0,310,,0,false,false,false,false,false,false,false,0
IN_SET_NODE_RANGE,F,,,,,0,0,0,290,,0,false,false,false,false,false,false,false,0
OUT_SET_NODE_RANGE,F,,,Node F's range changed to 290.,,0,0,0,290,,0,false,false,false,false,false,false,false,0
IN_SET_NODE_RANGE,F,,,,,0,0,0,270,,0,false,false,false,false,false,false,false,0
OUT_SET_NODE_RANGE,F,,,Node F's range changed to 270.,,0,0,0,270,,0,false,false,false,false,false,false,false,0
IN_SET_NODE_RANGE,F,,,,,0,0,0,250,,0,false,false,false,false,false,false,false,0
OUT_SET_NODE_RANGE,F,,,Node F's range changed to 250.,,0,0,0,250,,0,false,false,false,false,false,false,false,0
IN_SET_NODE_RANGE,F,,,,,0,0,0,230,,0,false,false,false,false,false,false,false,0
OUT_SET_NODE_RANGE,F,,,Node F's range changed to 230.,,0,0,0,230,,0,false,false,false,false,false,false,false,0
IN_SET_NODE_RANGE,F,,,,,0,0,0,210,,0,false,false,false,false,false,false,false,0
OUT_SET_NODE_RANGE,F,,,Node F's range changed to 210.,,0,0,0,210,,0,false,false,false,false,false,false,false,0
IN_SET_NODE_RANGE,F,,,,,0,0,0,190,,0,false,false,false,false,false,false,false,0
OUT_SET_NODE_RANGE,F,,,Node F's range changed to 190.,,0,0,0,190,,0,false,false,false,false,false,false,false,0
IN_SET_NODE_RANGE,F,,,,,0,0,0,170,,0,false,false,false,false,false,false,false,0
OUT_SET_NODE_RANGE,F,,,Node F's range changed to 170.,,0,0,0,170,,0,false,false,false,false,false,false,false,0
IN_SET_NODE_RANGE,F,,,,,0,0,0,150,,0,false,false,false,false,false,false,false,0
OUT_SET_NODE_RANGE,F,,,Node F's range changed to 150.,,0,0,0,150,,0,false,false,false,false,false,false,false,0
IN_SET_NODE_RANGE,F,,,,,0,0,0,130,,0,false,false,false,false,false,false,false,0
OUT_SET_NODE_RANGE,F,,,Node F's range changed to 130.,,0,0,0,130,,0,false,false,false,false,false,false,false,0
IN_SET_NODE_RANGE,F,,,,,0,0,0,110,,0,false,false,false,false,false,false,false,0
OUT_SET_NODE_RANGE,F,,,Node F's range changed to 110.,,0,0,0,110,,0,false,false,false,false,false,false,false,0
IN_SET_NODE_RANGE,F,,,,,0,0,0,90,,0,false,false,false,false,false,false,false,0
OUT_SET_NODE_RANGE,F,,,Node F's range changed to 90.,,0,0,0,90,,0,false,false,false,false,false,false,false,0
IN_MOVE_NODE,F,,,,,0,599,271,0,,0,false,false,false,false,false,false,false,0
OUT_MOVE_NODE,F,,,Node F moved to X:599 Y:271.,,0,599,271,0,,0,false,false,false,false,false,false,false,0
IN_MOVE_NODE,D,,,,,0,666,234,0,,0,false,false,false,false,false,false,false,0
OUT_MOVE_NODE,D,,,Node D moved to X:666 Y:234.,,0,666,234,0,,0,false,false,false,false,false,false,false,0
IN_MOVE_NODE,D,,,,,0,666,217,0,,0,false,false,false,false,false,false,false,0
OUT_MOVE_NODE,D,,,Node D moved to X:666 Y:217.,,0,666,217,0,,0,false,false,false,false,false,false,false,0
IN_MOVE_NODE,D,,,,,0,662,222,0,,0,false,false,false,false,false,false,false,0
OUT_MOVE_NODE,D,,,Node D moved to X:662 Y:222.,,0,662,222,0,,0,false,false,false,false,false,false,false,0
IN_SET_NODE_RANGE,D,,,,,0,0,0,356,,0,false,false,false,false,false,false,false,0
OUT_SET_NODE_RANGE,D,,,Node D's range changed to 356.,,0,0,0,356,,0,false,false,false,false,false,false,false,0
IN_SET_NODE_RANGE,D,,,,,0,0,0,336,,0,false,false,false,false,false,false,false,0
OUT_SET_NODE_RANGE,D,,,Node D's range changed to 336.,,0,0,0,336,,0,false,false,false,false,false,false,false,0
IN_SET_NODE_RANGE,D,,,,,0,0,0,316,,0,false,false,false,false,false,false,false,0
OUT_SET_NODE_RANGE,D,,,Node D's range changed to 316.,,0,0,0,316,,0,false,false,false,false,false,false,false,0
IN_SET_NODE_RANGE,D,,,,,0,0,0,296,,0,false,false,false,false,false,false,false,0
OUT_SET_NODE_RANGE,D,,,Node D's range changed to 296.,,0,0,0,296,,0,false,false,false,false,false,false,false,0
IN_SET_NODE_RANGE,D,,,,,0,0,0,276,,0,false,false,false,false,false,false,false,0
OUT_SET_NODE_RANGE,D,,,Node D's range changed to 276.,,0,0,0,276,,0,false,false,false,false,false,false,false,0
IN_SET_NODE_RANGE,D,,,,,0,0,0,256,,0,false,false,false,false,false,false,false,0
OUT_SET_NODE_RANGE,D,,,Node D's range changed to 256.,,0,0,0,256,,0,false,false,false,false,false,false,false,0
IN_SET_NODE_RANGE,D,,,,,0,0,0,236,,0,false,false,false,false,false,false,false,0
OUT_SET_NODE_RANGE,D,,,Node D's range changed to 236.,,0,0,0,236,,0,false,false,false,false,false,false,false,0
IN_SET_NODE_RANGE,D,,,,,0,0,0,216,,0,false,false,false,false,false,false,false,0
OUT_SET_NODE_RANGE,D,,,Node D's range changed to 216.,,0,0,0,216,,0,false,false,false,false,false,false,false,0
IN_SET_NODE_RANGE,D,,,,,0,0,0,196,,0,false,false,false,false,false,false,false,0
OUT_SET_NODE_RANGE,D,,,Node D's range changed to 196.,,0,0,0,196,,0,false,false,false,false,false,false,false,0
IN_SET_NODE_RANGE,D,,,,,0,0,0,176,,0,false,false,false,false,false,false,false,0
OUT_SET_NODE_RANGE,D,,,Node D's range changed to 176.,,0,0,0,176,,0,false,false,false,false,false,false,false,0
IN_SET_NODE_RANGE,D,,,,,0,0,0,156,,0,false,false,false,false,false,false,false,0
OUT_SET_NODE_RANGE,D,,,Node D's range changed to 156.,,0,0,0,156,,0,false,false,false,false,false,false,false,0
IN_SET_NODE_RANGE,D,,,,,0,0,0,136,,0,false,false,false,false,false,false,false,0
OUT_SET_NODE_RANGE,D,,,Node D's range changed to 136.,,0,0,0,136,,0,false,false,false,false,false,false,false,0
IN_MOVE_NODE,E,,,,,0,542,265,0,,0,false,false,false,false,false,false,false,0
OUT_MOVE_NODE,E,,,Node E moved to X:542 Y:265.,,0,542,265,0,,0,false,false,false,false,false,false,false,0
